<?xml version="1.0" encoding="utf-8" ?>
<UI>
    <Button width="300" height="100">
        <Image button:states="up" width="100%" height="100%" source="Assets/Button/background-up.png" />
        <Image button:states="over" width="100%" height="100%" source="Assets/Button/background-over.png" />
        <Image button:states="down" width="100%" height="100%" source="Assets/Button/background-down.png" />
        <Label width="100%" height="100%" halign="center" valign="middle"
            text="Button!" />
    </Button>
</UI>
