<?xml version="1.0" encoding="utf-8" ?>
<UI>
    <Stack>
        <Input fontSize="30" max="10" placeholder="<max 10>">
            <RectShape filled="false" r="0" g="0" b="64" />
        </Input>
        <Input fontSize="30" max="100" placeholder="<max 100>">
            <RectShape filled="false" r="0" g="64" b="0" />
        </Input>
    </Stack>
</UI>
