<?xml version="1.0" encoding="utf-8" ?>
<UI>
    <Stack>
        <Label text="1" />
        <Label text="2" />
        <Label text="3" />
        <Label text="4" />
    </Stack>
</UI>