<?xml version="1.0" encoding="utf-8" ?>
<UI>
    <Wrap>
        <Label text="Dessert" fontSize="30" />
        <Label text="apple" fontSize="30" />
        <Label text="pie" fontSize="30" />
        <Label text="apple" fontSize="30" />
        <Label text="pie" fontSize="30" />
        <Label text="dessert" fontSize="30" />
        <Label text="carrot" fontSize="30" />
        <Label text="cake." fontSize="30" />
        <Label text="Wafer" fontSize="30" />
        <Label text="lollipop" fontSize="30" />
        <Label text="cheesecake" fontSize="30" />
        <Label text="jujubes" fontSize="30" />
        <Label text="powder" fontSize="30" />
        <Label text="biscuit" fontSize="30" />
        <Label text="gingerbread" fontSize="30" />
        <Label text="dragÃ©e" fontSize="30" />
        <Label text="tart." fontSize="30" />
        <Label text="Caramels" fontSize="30" />
        <Label text="lollipop" fontSize="30" />
        <Label text="lemon" fontSize="30" />
        <Label text="drops" fontSize="30" />
        <Label text="fruitcake." fontSize="30" />
        <Label text="Croissant" fontSize="30" />
        <Label text="lollipop" fontSize="30" />
        <Label text="muffin" fontSize="30" />
        <Label text="candy" fontSize="30" />
        <Label text="oat" fontSize="30" />
        <Label text="cake" fontSize="30" />
        <Label text="donut" fontSize="30" />
        <Label text="lemon" fontSize="30" />
        <Label text="drops" fontSize="30" />
        <Label text="dessert" fontSize="30" />
        <Label text="marzipan." fontSize="30" />
    </Wrap>
</UI>