<?xml version="1.0" encoding="utf-8" ?>
<UI>
    <Stack>
        <Repeat count="6">
            <RectShape width="100" height="100" r="0" g="255" b="0" filled="false" />
        </Repeat>
    </Stack>
</UI>
