<?xml version="1.0" encoding="utf-8" ?>
<UI>
    <Wrap orientation="horizontal">
        <Label text="Dessert" fontSize="30" />
        <Label text="apple" fontSize="30" />
        <Label text="pie" fontSize="30" />
        <Label text="apple" fontSize="30" />
        <Label text="pie" fontSize="30" />
        <Label text="dessert" fontSize="30" />
        <Label text="carrot" fontSize="30" />
        <Label text="cake." fontSize="30" />
        <Label text="Wafer" fontSize="30" />
        <Label height="50" valign="bottom" text="lollipop" />
        <Label height="50" valign="bottom" text="cheesecake" />
        <Label height="50" valign="bottom" text="jujubes" />
        <Label height="50" valign="bottom" text="powder" />
        <Label height="50" valign="bottom" text="biscuit" />
        <Label height="50" valign="bottom" text="gingerbread" />
        <Label height="50" valign="bottom" text="dragÃ©e" />
        <Label height="50" valign="bottom" text="tart." />
        <Label height="50" valign="bottom" text="Caramels" />
        <Label height="50" valign="bottom" text="lollipop" />
        <Label height="50" valign="bottom" text="lemon" />
        <Label height="50" valign="bottom" text="drops" />
        <Label text="fruitcake." fontSize="30" />
        <Label text="Croissant" fontSize="30" />
        <Label text="lollipop" fontSize="30" />
        <Label text="muffin" fontSize="30" />
        <Label text="candy" fontSize="30" />
        <Label text="oat" fontSize="30" />
        <Label text="cake" fontSize="30" />
        <Label text="donut" fontSize="30" />
        <Label text="lemon" fontSize="30" />
        <Label text="drops" fontSize="30" />
        <Label text="dessert" fontSize="30" />
        <Label text="marzipan." fontSize="30" />
    </Wrap>
</UI>